Performing C++ SOURCE FILE Test COMPILER_SUPPORTS_UNUSED_ARGS failed with the following output:
Change Dir: /home/kvgroup/wujiayu/pebblesdbnobug/build/CMakeFiles/CMakeTmp

Run Build Command:"/usr/bin/make" "cmTC_0eb05/fast"
/usr/bin/make -f CMakeFiles/cmTC_0eb05.dir/build.make CMakeFiles/cmTC_0eb05.dir/build
make[1]: Entering directory '/home/kvgroup/wujiayu/pebblesdbnobug/build/CMakeFiles/CMakeTmp'
Building CXX object CMakeFiles/cmTC_0eb05.dir/src.cxx.o
/usr/bin/c++    -std=c++11 -Wall -Wno-variadic-macros -DCOMPILER_SUPPORTS_UNUSED_ARGS   -Qunused-arguments -std=c++11 -o CMakeFiles/cmTC_0eb05.dir/src.cxx.o -c /home/kvgroup/wujiayu/pebblesdbnobug/build/CMakeFiles/CMakeTmp/src.cxx
c++: error: unrecognized command line option '-Qunused-arguments'; did you mean '-Wunused-parameter'?
CMakeFiles/cmTC_0eb05.dir/build.make:65: recipe for target 'CMakeFiles/cmTC_0eb05.dir/src.cxx.o' failed
make[1]: *** [CMakeFiles/cmTC_0eb05.dir/src.cxx.o] Error 1
make[1]: Leaving directory '/home/kvgroup/wujiayu/pebblesdbnobug/build/CMakeFiles/CMakeTmp'
Makefile:126: recipe for target 'cmTC_0eb05/fast' failed
make: *** [cmTC_0eb05/fast] Error 2

Source file was:
int main() { return 0; }
Determining if the include file machine/endian.h exists failed with the following output:
Change Dir: /home/kvgroup/wujiayu/pebblesdbnobug/build/CMakeFiles/CMakeTmp

Run Build Command:"/usr/bin/make" "cmTC_25eb6/fast"
/usr/bin/make -f CMakeFiles/cmTC_25eb6.dir/build.make CMakeFiles/cmTC_25eb6.dir/build
make[1]: Entering directory '/home/kvgroup/wujiayu/pebblesdbnobug/build/CMakeFiles/CMakeTmp'
Building C object CMakeFiles/cmTC_25eb6.dir/CheckIncludeFile.c.o
/usr/bin/cc    -o CMakeFiles/cmTC_25eb6.dir/CheckIncludeFile.c.o   -c /home/kvgroup/wujiayu/pebblesdbnobug/build/CMakeFiles/CMakeTmp/CheckIncludeFile.c
/home/kvgroup/wujiayu/pebblesdbnobug/build/CMakeFiles/CMakeTmp/CheckIncludeFile.c:1:10: fatal error: machine/endian.h: No such file or directory
 #include <machine/endian.h>
          ^~~~~~~~~~~~~~~~~~
compilation terminated.
CMakeFiles/cmTC_25eb6.dir/build.make:65: recipe for target 'CMakeFiles/cmTC_25eb6.dir/CheckIncludeFile.c.o' failed
make[1]: *** [CMakeFiles/cmTC_25eb6.dir/CheckIncludeFile.c.o] Error 1
make[1]: Leaving directory '/home/kvgroup/wujiayu/pebblesdbnobug/build/CMakeFiles/CMakeTmp'
Makefile:126: recipe for target 'cmTC_25eb6/fast' failed
make: *** [cmTC_25eb6/fast] Error 2


Determining if the include file sys/endian.h exists failed with the following output:
Change Dir: /home/kvgroup/wujiayu/pebblesdbnobug/build/CMakeFiles/CMakeTmp

Run Build Command:"/usr/bin/make" "cmTC_0ee52/fast"
/usr/bin/make -f CMakeFiles/cmTC_0ee52.dir/build.make CMakeFiles/cmTC_0ee52.dir/build
make[1]: Entering directory '/home/kvgroup/wujiayu/pebblesdbnobug/build/CMakeFiles/CMakeTmp'
Building C object CMakeFiles/cmTC_0ee52.dir/CheckIncludeFile.c.o
/usr/bin/cc    -o CMakeFiles/cmTC_0ee52.dir/CheckIncludeFile.c.o   -c /home/kvgroup/wujiayu/pebblesdbnobug/build/CMakeFiles/CMakeTmp/CheckIncludeFile.c
/home/kvgroup/wujiayu/pebblesdbnobug/build/CMakeFiles/CMakeTmp/CheckIncludeFile.c:1:10: fatal error: sys/endian.h: No such file or directory
 #include <sys/endian.h>
          ^~~~~~~~~~~~~~
compilation terminated.
CMakeFiles/cmTC_0ee52.dir/build.make:65: recipe for target 'CMakeFiles/cmTC_0ee52.dir/CheckIncludeFile.c.o' failed
make[1]: *** [CMakeFiles/cmTC_0ee52.dir/CheckIncludeFile.c.o] Error 1
make[1]: Leaving directory '/home/kvgroup/wujiayu/pebblesdbnobug/build/CMakeFiles/CMakeTmp'
Makefile:126: recipe for target 'cmTC_0ee52/fast' failed
make: *** [cmTC_0ee52/fast] Error 2


Determining if the include file sys/isa_defs.h exists failed with the following output:
Change Dir: /home/kvgroup/wujiayu/pebblesdbnobug/build/CMakeFiles/CMakeTmp

Run Build Command:"/usr/bin/make" "cmTC_d5281/fast"
/usr/bin/make -f CMakeFiles/cmTC_d5281.dir/build.make CMakeFiles/cmTC_d5281.dir/build
make[1]: Entering directory '/home/kvgroup/wujiayu/pebblesdbnobug/build/CMakeFiles/CMakeTmp'
Building C object CMakeFiles/cmTC_d5281.dir/CheckIncludeFile.c.o
/usr/bin/cc    -o CMakeFiles/cmTC_d5281.dir/CheckIncludeFile.c.o   -c /home/kvgroup/wujiayu/pebblesdbnobug/build/CMakeFiles/CMakeTmp/CheckIncludeFile.c
/home/kvgroup/wujiayu/pebblesdbnobug/build/CMakeFiles/CMakeTmp/CheckIncludeFile.c:1:10: fatal error: sys/isa_defs.h: No such file or directory
 #include <sys/isa_defs.h>
          ^~~~~~~~~~~~~~~~
compilation terminated.
CMakeFiles/cmTC_d5281.dir/build.make:65: recipe for target 'CMakeFiles/cmTC_d5281.dir/CheckIncludeFile.c.o' failed
make[1]: *** [CMakeFiles/cmTC_d5281.dir/CheckIncludeFile.c.o] Error 1
make[1]: Leaving directory '/home/kvgroup/wujiayu/pebblesdbnobug/build/CMakeFiles/CMakeTmp'
Makefile:126: recipe for target 'cmTC_d5281/fast' failed
make: *** [cmTC_d5281/fast] Error 2


Determining if the function mach_absolute_time exists failed with the following output:
Change Dir: /home/kvgroup/wujiayu/pebblesdbnobug/build/CMakeFiles/CMakeTmp

Run Build Command:"/usr/bin/make" "cmTC_b5a42/fast"
/usr/bin/make -f CMakeFiles/cmTC_b5a42.dir/build.make CMakeFiles/cmTC_b5a42.dir/build
make[1]: Entering directory '/home/kvgroup/wujiayu/pebblesdbnobug/build/CMakeFiles/CMakeTmp'
Building C object CMakeFiles/cmTC_b5a42.dir/CheckFunctionExists.c.o
/usr/bin/cc   -DCHECK_FUNCTION_EXISTS=mach_absolute_time   -o CMakeFiles/cmTC_b5a42.dir/CheckFunctionExists.c.o   -c /usr/share/cmake-3.10/Modules/CheckFunctionExists.c
Linking C executable cmTC_b5a42
/usr/bin/cmake -E cmake_link_script CMakeFiles/cmTC_b5a42.dir/link.txt --verbose=1
/usr/bin/cc  -DCHECK_FUNCTION_EXISTS=mach_absolute_time    CMakeFiles/cmTC_b5a42.dir/CheckFunctionExists.c.o  -o cmTC_b5a42 
CMakeFiles/cmTC_b5a42.dir/CheckFunctionExists.c.o: In function `main':
CheckFunctionExists.c:(.text+0x10): undefined reference to `mach_absolute_time'
collect2: error: ld returned 1 exit status
CMakeFiles/cmTC_b5a42.dir/build.make:97: recipe for target 'cmTC_b5a42' failed
make[1]: *** [cmTC_b5a42] Error 1
make[1]: Leaving directory '/home/kvgroup/wujiayu/pebblesdbnobug/build/CMakeFiles/CMakeTmp'
Makefile:126: recipe for target 'cmTC_b5a42/fast' failed
make: *** [cmTC_b5a42/fast] Error 2


Determining if the function crc32c_value exists in the crc32c failed with the following output:
Change Dir: /home/kvgroup/wujiayu/pebblesdbnobug/build/CMakeFiles/CMakeTmp

Run Build Command:"/usr/bin/make" "cmTC_5c927/fast"
/usr/bin/make -f CMakeFiles/cmTC_5c927.dir/build.make CMakeFiles/cmTC_5c927.dir/build
make[1]: Entering directory '/home/kvgroup/wujiayu/pebblesdbnobug/build/CMakeFiles/CMakeTmp'
Building C object CMakeFiles/cmTC_5c927.dir/CheckFunctionExists.c.o
/usr/bin/cc   -DCHECK_FUNCTION_EXISTS=crc32c_value   -o CMakeFiles/cmTC_5c927.dir/CheckFunctionExists.c.o   -c /usr/share/cmake-3.10/Modules/CheckFunctionExists.c
Linking C executable cmTC_5c927
/usr/bin/cmake -E cmake_link_script CMakeFiles/cmTC_5c927.dir/link.txt --verbose=1
/usr/bin/cc  -DCHECK_FUNCTION_EXISTS=crc32c_value    CMakeFiles/cmTC_5c927.dir/CheckFunctionExists.c.o  -o cmTC_5c927 -lcrc32c 
/usr/bin/ld: cannot find -lcrc32c
collect2: error: ld returned 1 exit status
CMakeFiles/cmTC_5c927.dir/build.make:97: recipe for target 'cmTC_5c927' failed
make[1]: *** [cmTC_5c927] Error 1
make[1]: Leaving directory '/home/kvgroup/wujiayu/pebblesdbnobug/build/CMakeFiles/CMakeTmp'
Makefile:126: recipe for target 'cmTC_5c927/fast' failed
make: *** [cmTC_5c927/fast] Error 2


Determining if the function malloc exists in the tcmalloc failed with the following output:
Change Dir: /home/kvgroup/wujiayu/pebblesdbnobug/build/CMakeFiles/CMakeTmp

Run Build Command:"/usr/bin/make" "cmTC_b5f69/fast"
/usr/bin/make -f CMakeFiles/cmTC_b5f69.dir/build.make CMakeFiles/cmTC_b5f69.dir/build
make[1]: Entering directory '/home/kvgroup/wujiayu/pebblesdbnobug/build/CMakeFiles/CMakeTmp'
Building C object CMakeFiles/cmTC_b5f69.dir/CheckFunctionExists.c.o
/usr/bin/cc   -DCHECK_FUNCTION_EXISTS=malloc   -o CMakeFiles/cmTC_b5f69.dir/CheckFunctionExists.c.o   -c /usr/share/cmake-3.10/Modules/CheckFunctionExists.c
<command-line>:0:23: warning: conflicting types for built-in function ‘malloc’ [-Wbuiltin-declaration-mismatch]
/usr/share/cmake-3.10/Modules/CheckFunctionExists.c:7:3: note: in expansion of macro ‘CHECK_FUNCTION_EXISTS’
   CHECK_FUNCTION_EXISTS(void);
   ^~~~~~~~~~~~~~~~~~~~~
Linking C executable cmTC_b5f69
/usr/bin/cmake -E cmake_link_script CMakeFiles/cmTC_b5f69.dir/link.txt --verbose=1
/usr/bin/cc  -DCHECK_FUNCTION_EXISTS=malloc    CMakeFiles/cmTC_b5f69.dir/CheckFunctionExists.c.o  -o cmTC_b5f69 -ltcmalloc 
/usr/bin/ld: cannot find -ltcmalloc
collect2: error: ld returned 1 exit status
CMakeFiles/cmTC_b5f69.dir/build.make:97: recipe for target 'cmTC_b5f69' failed
make[1]: *** [cmTC_b5f69] Error 1
make[1]: Leaving directory '/home/kvgroup/wujiayu/pebblesdbnobug/build/CMakeFiles/CMakeTmp'
Makefile:126: recipe for target 'cmTC_b5f69/fast' failed
make: *** [cmTC_b5f69/fast] Error 2


Determining if the pthread_create exist failed with the following output:
Change Dir: /home/kvgroup/wujiayu/pebblesdbnobug/build/CMakeFiles/CMakeTmp

Run Build Command:"/usr/bin/make" "cmTC_f403e/fast"
/usr/bin/make -f CMakeFiles/cmTC_f403e.dir/build.make CMakeFiles/cmTC_f403e.dir/build
make[1]: Entering directory '/home/kvgroup/wujiayu/pebblesdbnobug/build/CMakeFiles/CMakeTmp'
Building C object CMakeFiles/cmTC_f403e.dir/CheckSymbolExists.c.o
/usr/bin/cc    -o CMakeFiles/cmTC_f403e.dir/CheckSymbolExists.c.o   -c /home/kvgroup/wujiayu/pebblesdbnobug/build/CMakeFiles/CMakeTmp/CheckSymbolExists.c
Linking C executable cmTC_f403e
/usr/bin/cmake -E cmake_link_script CMakeFiles/cmTC_f403e.dir/link.txt --verbose=1
/usr/bin/cc      CMakeFiles/cmTC_f403e.dir/CheckSymbolExists.c.o  -o cmTC_f403e 
CMakeFiles/cmTC_f403e.dir/CheckSymbolExists.c.o: In function `main':
CheckSymbolExists.c:(.text+0x1b): undefined reference to `pthread_create'
collect2: error: ld returned 1 exit status
CMakeFiles/cmTC_f403e.dir/build.make:97: recipe for target 'cmTC_f403e' failed
make[1]: *** [cmTC_f403e] Error 1
make[1]: Leaving directory '/home/kvgroup/wujiayu/pebblesdbnobug/build/CMakeFiles/CMakeTmp'
Makefile:126: recipe for target 'cmTC_f403e/fast' failed
make: *** [cmTC_f403e/fast] Error 2

File /home/kvgroup/wujiayu/pebblesdbnobug/build/CMakeFiles/CMakeTmp/CheckSymbolExists.c:
/* */
#include <pthread.h>

int main(int argc, char** argv)
{
  (void)argv;
#ifndef pthread_create
  return ((int*)(&pthread_create))[argc];
#else
  (void)argc;
  return 0;
#endif
}

